<?xml version="1.0" encoding="UTF-8"?>
<!-- Generated by org.testng.reporters.JUnitXMLReporter -->
<testsuite ignored="0" hostname="BRILAP3139" failures="1" tests="3" name="ExeccutingListeners" time="11.299" errors="0" timestamp="2021-06-29T13:07:18 IST">
  <testcase classname="MavenDemo.MavenFramework.ListenerUseTest" name="OpenBrowser" time="3.324">
    <failure type="java.lang.AssertionError" message="expected [Googleadasdasdas] but found [Google]">
      <![CDATA[java.lang.AssertionError: expected [Googleadasdasdas] but found [Google]
at MavenDemo.MavenFramework.ListenerUseTest.OpenBrowser(ListenerUseTest.java:31)
at java.base/java.util.ArrayList.forEach(ArrayList.java:1511)
... Removed 33 stack frames]]>
    </failure>
  </testcase> <!-- OpenBrowser -->
  <testcase classname="MavenDemo.MavenFramework.ListenerUseTest" name="CloseBrowser" time="1.954"/>
  <testcase classname="MavenDemo.MavenFramework.ListenerUseTest" name="SkipTest" time="0.001">
    <skipped/>
  </testcase> <!-- SkipTest -->
</testsuite> <!-- ExeccutingListeners -->
