<?xml version="1.0" encoding="UTF-8"?>
<testng-results ignored="0" total="1" passed="1" failed="0" skipped="0">
  <reporter-output>
  </reporter-output>
  <suite started-at="2021-06-28T09:46:42 IST" name="Suite" finished-at="2021-06-28T09:46:51 IST" duration-ms="8946">
    <groups>
    </groups>
    <test started-at="2021-06-28T09:46:42 IST" name="Test" finished-at="2021-06-28T09:46:51 IST" duration-ms="8946">
      <class name="MavenDemo.MavenFramework.AssertionExample">
        <test-method signature="assertPass()[pri:0, instance:MavenDemo.MavenFramework.AssertionExample@d21a74c]" started-at="2021-06-28T09:46:42 IST" name="assertPass" finished-at="2021-06-28T09:46:51 IST" duration-ms="8892" status="PASS">
          <reporter-output>
          </reporter-output>
        </test-method> <!-- assertPass -->
      </class> <!-- MavenDemo.MavenFramework.AssertionExample -->
    </test> <!-- Test -->
  </suite> <!-- Suite -->
</testng-results>
