<?xml version="1.0" encoding="UTF-8"?>
<testng-results ignored="0" total="1" passed="1" failed="0" skipped="0">
  <reporter-output>
  </reporter-output>
  <suite started-at="2021-06-30T13:23:03 IST" name="Default suite" finished-at="2021-06-30T13:23:17 IST" duration-ms="13804">
    <groups>
    </groups>
    <test started-at="2021-06-30T13:23:03 IST" name="Default test" finished-at="2021-06-30T13:23:17 IST" duration-ms="13804">
      <class name="MavenDemo.MavenFramework.SeleniumGrid">
        <test-method signature="mailTest()[pri:0, instance:MavenDemo.MavenFramework.SeleniumGrid@6404f418]" started-at="2021-06-30T13:23:03 IST" name="mailTest" finished-at="2021-06-30T13:23:17 IST" duration-ms="13762" status="PASS">
          <reporter-output>
          </reporter-output>
        </test-method> <!-- mailTest -->
      </class> <!-- MavenDemo.MavenFramework.SeleniumGrid -->
    </test> <!-- Default test -->
  </suite> <!-- Default suite -->
</testng-results>
